05:13:11.533 [pool-1-thread-1] DEBUG com.intuit.karate - request:
1 > GET https://reqres.in/api/users/2
1 > Host: reqres.in
1 > Connection: Keep-Alive
1 > User-Agent: Apache-HttpClient/4.5.13 (Java/1.8.0_202)
1 > Accept-Encoding: gzip,deflate


05:13:12.455 [pool-1-thread-1] DEBUG com.intuit.karate - response time in milliseconds: 906
1 < 200
1 < Date: Wed, 02 Mar 2022 23:43:17 GMT
1 < Content-Type: application/json; charset=utf-8
1 < Transfer-Encoding: chunked
1 < Connection: keep-alive
1 < X-Powered-By: Express
1 < Access-Control-Allow-Origin: *
1 < Etag: W/"118-pbdwwFo9SKNhD3Lx5iHJyngpq00"
1 < Via: 1.1 vegur
1 < Cache-Control: max-age=14400
1 < CF-Cache-Status: HIT
1 < Age: 2093
1 < Expect-CT: max-age=604800, report-uri="https://report-uri.cloudflare.com/cdn-cgi/beacon/expect-ct"
1 < Report-To: {"endpoints":[{"url":"https:\/\/a.nel.cloudflare.com\/report\/v3?s=4jI91Sf7xK1DtKsohR9w7B0MXFZHgtb5hJFH%2BZKPwWyib%2FGW0oNOT2uVuE%2BOEXntprftQjMMdIutARJTWVnKXaIGUBT2uGvct0vObJTe8d86czRYpwz0gP3KALs%3D"}],"group":"cf-nel","max_age":604800}
1 < NEL: {"success_fraction":0,"report_to":"cf-nel","max_age":604800}
1 < Vary: Accept-Encoding
1 < Server: cloudflare
1 < CF-RAY: 6e5dfe674b5e7741-LHR
1 < alt-svc: h3=":443"; ma=86400, h3-29=":443"; ma=86400
{"data":{"id":2,"email":"janet.weaver@reqres.in","first_name":"Janet","last_name":"Weaver","avatar":"https://reqres.in/img/faces/2-image.jpg"},"support":{"url":"https://reqres.in/#support-heading","text":"To keep ReqRes free, contributions towards server costs are appreciated!"}}
05:13:12.611 [pool-1-thread-1] INFO  com.intuit.karate - [print] {
  "data": {
    "id": 2,
    "email": "janet.weaver@reqres.in",
    "first_name": "Janet",
    "last_name": "Weaver",
    "avatar": "https://reqres.in/img/faces/2-image.jpg"
  },
  "support": {
    "url": "https://reqres.in/#support-heading",
    "text": "To keep ReqRes free, contributions towards server costs are appreciated!"
  }
}
 
05:13:12.627 [pool-1-thread-1] INFO  com.intuit.karate - [print] -------------------------------value 
05:13:13.987 [pool-2-thread-1] INFO  com.intuit.karate.Suite - <<pass>> feature 1 of 1 (0 remaining) src/test/java/feature/features/feature1.feature
05:14:51.408 [Test worker] INFO  com.intuit.karate.Suite - backed up existing 'build\karate-reports' dir to: build\karate-reports_1646264691392
05:14:53.830 [pool-1-thread-1] DEBUG com.intuit.karate - request:
1 > GET https://reqres.in/api/users/2
1 > Host: reqres.in
1 > Connection: Keep-Alive
1 > User-Agent: Apache-HttpClient/4.5.13 (Java/1.8.0_202)
1 > Accept-Encoding: gzip,deflate


05:14:54.705 [pool-1-thread-1] DEBUG com.intuit.karate - response time in milliseconds: 875
1 < 200
1 < Date: Wed, 02 Mar 2022 23:44:59 GMT
1 < Content-Type: application/json; charset=utf-8
1 < Transfer-Encoding: chunked
1 < Connection: keep-alive
1 < X-Powered-By: Express
1 < Access-Control-Allow-Origin: *
1 < Etag: W/"118-pbdwwFo9SKNhD3Lx5iHJyngpq00"
1 < Via: 1.1 vegur
1 < Cache-Control: max-age=14400
1 < CF-Cache-Status: HIT
1 < Age: 1851
1 < Expect-CT: max-age=604800, report-uri="https://report-uri.cloudflare.com/cdn-cgi/beacon/expect-ct"
1 < Report-To: {"endpoints":[{"url":"https:\/\/a.nel.cloudflare.com\/report\/v3?s=nuayiUlpwFZqIA%2FohtbM6MLVWIjqx8Z98H%2F7RZUqixmgRLUp%2FdQzaQdxmzdoTWiKzCly1eGZpBjE3J04dfhp0t8H2focqsxXeM9GaO%2B6iLCluwU7lMbbDu4WJqw%3D"}],"group":"cf-nel","max_age":604800}
1 < NEL: {"success_fraction":0,"report_to":"cf-nel","max_age":604800}
1 < Vary: Accept-Encoding
1 < Server: cloudflare
1 < CF-RAY: 6e5e00e67b31745f-LHR
1 < alt-svc: h3=":443"; ma=86400, h3-29=":443"; ma=86400
{"data":{"id":2,"email":"janet.weaver@reqres.in","first_name":"Janet","last_name":"Weaver","avatar":"https://reqres.in/img/faces/2-image.jpg"},"support":{"url":"https://reqres.in/#support-heading","text":"To keep ReqRes free, contributions towards server costs are appreciated!"}}
05:14:54.877 [pool-1-thread-1] INFO  com.intuit.karate - [print] {
  "data": {
    "id": 2,
    "email": "janet.weaver@reqres.in",
    "first_name": "Janet",
    "last_name": "Weaver",
    "avatar": "https://reqres.in/img/faces/2-image.jpg"
  },
  "support": {
    "url": "https://reqres.in/#support-heading",
    "text": "To keep ReqRes free, contributions towards server costs are appreciated!"
  }
}
 
05:14:54.892 [pool-1-thread-1] INFO  com.intuit.karate - [print] -------------------------------value 
05:14:56.049 [pool-2-thread-1] INFO  com.intuit.karate.Suite - <<pass>> feature 1 of 1 (0 remaining) src/test/java/feature/features/feature1.feature
05:15:26.982 [Test worker] INFO  com.intuit.karate.Suite - backed up existing 'build\karate-reports' dir to: build\karate-reports_1646264726982
05:15:29.388 [pool-1-thread-1] DEBUG com.intuit.karate - request:
1 > GET https://reqres.in/api/users/2
1 > Host: reqres.in
1 > Connection: Keep-Alive
1 > User-Agent: Apache-HttpClient/4.5.13 (Java/1.8.0_202)
1 > Accept-Encoding: gzip,deflate


05:15:30.357 [pool-1-thread-1] DEBUG com.intuit.karate - response time in milliseconds: 969
1 < 200
1 < Date: Wed, 02 Mar 2022 23:45:35 GMT
1 < Content-Type: application/json; charset=utf-8
1 < Transfer-Encoding: chunked
1 < Connection: keep-alive
1 < X-Powered-By: Express
1 < Access-Control-Allow-Origin: *
1 < Etag: W/"118-pbdwwFo9SKNhD3Lx5iHJyngpq00"
1 < Via: 1.1 vegur
1 < Cache-Control: max-age=14400
1 < CF-Cache-Status: HIT
1 < Age: 5734
1 < Expect-CT: max-age=604800, report-uri="https://report-uri.cloudflare.com/cdn-cgi/beacon/expect-ct"
1 < Report-To: {"endpoints":[{"url":"https:\/\/a.nel.cloudflare.com\/report\/v3?s=2KlhtiFUZKD5mR%2B6HIVPrUH%2FW%2Fk8KnMqZS8aOjWYaLJZ4b6Siu%2Botf8ljvyDSEc2Jsu0y7tWm1UNTA8lQwka7mdeqGHkeeK1Mjgr8QiiDl%2Fa3dveh7a%2F8QQ2MZ8%3D"}],"group":"cf-nel","max_age":604800}
1 < NEL: {"success_fraction":0,"report_to":"cf-nel","max_age":604800}
1 < Vary: Accept-Encoding
1 < Server: cloudflare
1 < CF-RAY: 6e5e01c54a47f3fb-LHR
1 < alt-svc: h3=":443"; ma=86400, h3-29=":443"; ma=86400
{"data":{"id":2,"email":"janet.weaver@reqres.in","first_name":"Janet","last_name":"Weaver","avatar":"https://reqres.in/img/faces/2-image.jpg"},"support":{"url":"https://reqres.in/#support-heading","text":"To keep ReqRes free, contributions towards server costs are appreciated!"}}
05:15:30.545 [pool-1-thread-1] INFO  com.intuit.karate - [print] {
  "data": {
    "id": 2,
    "email": "janet.weaver@reqres.in",
    "first_name": "Janet",
    "last_name": "Weaver",
    "avatar": "https://reqres.in/img/faces/2-image.jpg"
  },
  "support": {
    "url": "https://reqres.in/#support-heading",
    "text": "To keep ReqRes free, contributions towards server costs are appreciated!"
  }
}
 
05:15:30.560 [pool-1-thread-1] INFO  com.intuit.karate - [print] -------------------------------value 
05:15:32.342 [pool-2-thread-1] INFO  com.intuit.karate.Suite - <<pass>> feature 1 of 1 (0 remaining) src/test/java/feature/features/feature1.feature
